<?xml version="1.0" encoding="UTF-8"?>
<testsuite name="com.db.awmd.challenge.repository.AccountsRepositoryInMemoryTest" tests="1" skipped="0" failures="0" errors="0" timestamp="2019-11-10T02:08:18" hostname="SaiTanmayie" time="0.0">
  <properties/>
  <testcase name="updateAccountsBatch_should_updateAllAccounts" classname="com.db.awmd.challenge.repository.AccountsRepositoryInMemoryTest" time="0.0"/>
  <system-out><![CDATA[]]></system-out>
  <system-err><![CDATA[]]></system-err>
</testsuite>
